<?xml version="1.0" encoding="UTF-8"?>
<!-- Generated by org.testng.reporters.JUnitReportReporter -->
<testsuite hostname="CHERUKURU" failures="0" tests="1" name="testCase.TC_002_LoginTest" time="2.045" errors="0" timestamp="2023-06-03T19:45:40 IST" skipped="0">
  <testcase classname="testCase.TC_002_LoginTest" name="login_test" time="2.045"/>
  <system-out/>
</testsuite> <!-- testCase.TC_002_LoginTest -->
