<?xml version="1.0" encoding="UTF-8"?>
<!-- Generated by org.testng.reporters.JUnitReportReporter -->
<testsuite hostname="CHERUKURU" failures="0" tests="1" name="testCase.TC_001_AccountRegistration" time="1.536" errors="0" timestamp="2023-06-03T19:45:40 IST" skipped="0">
  <testcase classname="testCase.TC_001_AccountRegistration" name="test_account_Registration" time="1.536"/>
  <system-out/>
</testsuite> <!-- testCase.TC_001_AccountRegistration -->
